[2025-09-05 04:49:25] [INFO] Starting automatic invoice generation script
[2025-09-05 04:49:25] [INFO] Target month: 2024-10
[2025-09-05 04:49:25] [INFO] Database connection established
[2025-09-05 04:49:25] [INFO] Before generation - Invoices: 0, Total: $0.00
[2025-09-05 04:49:25] [INFO] Generating invoices for 2024-10...
[2025-09-05 04:49:25] [INFO] Generation completed!
[2025-09-05 04:49:25] [INFO] Generated: 2 invoices
[2025-09-05 04:49:25] [INFO] Skipped: 0 invoices
[2025-09-05 04:49:25] [INFO] Errors: 0 invoices
[2025-09-05 04:49:25] [INFO] Generated invoices:
[2025-09-05 04:49:25] [INFO]   - Invoice #5 for Tech Solutions Ltd. - $15,750,000.00
[2025-09-05 04:49:25] [INFO]   - Invoice #6 for Empresa ABC S.A. - $12,500,000.00
[2025-09-05 04:49:25] [INFO] After generation - Total Invoices: 2, Total Amount: $28,250,000.00
[2025-09-05 04:49:25] [INFO] Net new: 2 invoices worth $28,250,000.00
[2025-09-05 04:49:25] [EMAIL] EMAIL NOTIFICATION - Subject: Automatic Billing Report - 2024-10
[2025-09-05 04:49:25] [EMAIL] EMAIL BODY: Automatic Invoice Generation Report for 2024-10

Summary:
- Generated: 2 invoices
- Skipped: 0 invoices
- Errors: 0 invoices
- Total new amount: $28,250,000.00

Generated Invoices:
- Tech Solutions Ltd.: $15,750,000.00
- Empresa ABC S.A.: $12,500,000.00

Monthly Statistics:
- Total Invoices: 2
- Pending: 2
- Approved: 0
- Paid: 0
- Total Amount: $28,250,000.00
- Pending Amount: $28,250,000.00

[2025-09-05 04:49:25] [INFO] Script completed successfully
[2025-09-05 04:49:25] [INFO] === Script execution completed ===
